#
# There is insufficient memory for the Java Runtime Environment to continue.
# Native memory allocation (malloc) failed to allocate 1048576 bytes. Error detail: AllocateHeap
# Possible reasons:
#   The system is out of physical RAM or swap space
#   This process is running with CompressedOops enabled, and the Java Heap may be blocking the growth of the native heap
# Possible solutions:
#   Reduce memory load on the system
#   Increase physical memory or swap space
#   Check if swap backing store is full
#   Decrease Java heap size (-Xmx/-Xms)
#   Decrease number of Java threads
#   Decrease Java thread stack sizes (-Xss)
#   Set larger code cache with -XX:ReservedCodeCacheSize=
#   JVM is running with Unscaled Compressed Oops mode in which the Java heap is
#     placed in the first 4GB address space. The Java Heap base address is the
#     maximum limit for the native heap growth. Please use -XX:HeapBaseMinAddress
#     to set the Java Heap base and to place the Java Heap above 4GB virtual address.
# This output file may be truncated or incomplete.
#
#  Out of Memory Error (allocation.cpp:44), pid=27112, tid=47488
#
# JRE version: OpenJDK Runtime Environment Temurin-21.0.10+7 (21.0.10+7) (build 21.0.10+7-LTS)
# Java VM: OpenJDK 64-Bit Server VM Temurin-21.0.10+7 (21.0.10+7-LTS, mixed mode, sharing, tiered, compressed oops, compressed class ptrs, parallel gc, windows-amd64)
# No core dump will be written. Minidumps are not enabled by default on client versions of Windows
#

---------------  S U M M A R Y ------------

Command Line: --add-modules=ALL-SYSTEM --add-opens=java.base/java.util=ALL-UNNAMED --add-opens=java.base/java.lang=ALL-UNNAMED --add-opens=java.base/sun.nio.fs=ALL-UNNAMED -Declipse.application=org.eclipse.jdt.ls.core.id1 -Dosgi.bundles.defaultStartLevel=4 -Declipse.product=org.eclipse.jdt.ls.core.product -Djava.import.generatesMetadataFilesAtProjectRoot=false -DDetectVMInstallationsJob.disabled=true -Dfile.encoding=utf8 -XX:+UseParallelGC -XX:GCTimeRatio=4 -XX:AdaptiveSizePolicyWeight=90 -Dsun.zip.disableMemoryMapping=true -Xmx2G -Xms100m -Xlog:disable -javaagent:c:\Users\USER\.vscode\extensions\redhat.java-1.53.0-win32-x64\lombok\lombok-1.18.39-4050.jar -XX:+HeapDumpOnOutOfMemoryError -XX:HeapDumpPath=c:\Users\USER\AppData\Roaming\Code\User\workspaceStorage\f1e8ba8ab645cac98e55fc0742803d12\redhat.java -Daether.dependencyCollector.impl=bf c:\Users\USER\.vscode\extensions\redhat.java-1.53.0-win32-x64\server\plugins\org.eclipse.equinox.launcher_1.7.100.v20251111-0406.jar -configuration c:\Users\USER\AppData\Roaming\Code\User\globalStorage\redhat.java\1.53.0\config_win -data c:\Users\USER\AppData\Roaming\Code\User\workspaceStorage\f1e8ba8ab645cac98e55fc0742803d12\redhat.java\jdt_ws --pipe=\\.\pipe\lsp-12086ac960185de58d6ecca4890fad42-sock

Host: 12th Gen Intel(R) Core(TM) i5-1235U, 12 cores, 19G,  Windows 11 , 64 bit Build 26100 (10.0.26100.7019)
Time: Sun Mar  1 14:38:50 2026 Sri Lanka Standard Time elapsed time: 61684.700692 seconds (0d 17h 8m 4s)

---------------  T H R E A D  ---------------

Current thread (0x000001d9add14f80):  JavaThread "Attach Listener" daemon [_thread_in_vm, id=47488, stack(0x000000cc27a00000,0x000000cc27b00000) (1024K)]

Stack: [0x000000cc27a00000,0x000000cc27b00000]
Native frames: (J=compiled Java code, j=interpreted, Vv=VM code, C=native code)
V  [jvm.dll+0x6d7a39]
V  [jvm.dll+0x8b4b26]
V  [jvm.dll+0x8b70de]
V  [jvm.dll+0x8b77c3]
V  [jvm.dll+0x284346]
V  [jvm.dll+0xc1277]
V  [jvm.dll+0x6d82e9]
V  [jvm.dll+0x1334a6]
V  [jvm.dll+0x3f857e]
V  [jvm.dll+0x85f59d]
V  [jvm.dll+0x6d626d]
C  [ucrtbase.dll+0x37b0]
C  [KERNEL32.DLL+0x2e8d7]
C  [ntdll.dll+0x8c53c]


---------------  P R O C E S S  ---------------

Threads class SMR info:
_java_thread_list=0x000001da0e83a880, length=38, elements={
0x000001d9adc6cc80, 0x000001d9c471d390, 0x000001d9add11780, 0x000001d9add13820,
0x000001d9add14f80, 0x000001d9add192c0, 0x000001d9add26d30, 0x000001d9add2d7d0,
0x000001da06ad4a20, 0x000001d9add24c60, 0x000001d9add27a50, 0x000001d9add280e0,
0x000001d9add273c0, 0x000001d9add266a0, 0x000001d9add252f0, 0x000001d9add25980,
0x000001d9add26010, 0x000001da06b0a2b0, 0x000001da06b0b660, 0x000001da06b0bcf0,
0x000001da06b08f00, 0x000001da06b09590, 0x000001da0fb4f320, 0x000001da0fb4f9b0,
0x000001da0fb50040, 0x000001da0fb52110, 0x000001da0fb4ec90, 0x000001da0fb534c0,
0x000001da0fb506d0, 0x000001da0fb53b50, 0x000001da0fb50d60, 0x000001da0fb527a0,
0x000001da0fb52e30, 0x000001da0fb541e0, 0x000001da0fb54870, 0x000001da0fb513f0,
0x000001da0fb51a80, 0x000001da0fb55590
}

Java Threads: ( => current thread )
  0x000001d9adc6cc80 JavaThread "main"                              [_thread_blocked, id=46120, stack(0x000000cc27300000,0x000000cc27400000) (1024K)]
  0x000001d9c471d390 JavaThread "Reference Handler"          daemon [_thread_blocked, id=13708, stack(0x000000cc27700000,0x000000cc27800000) (1024K)]
  0x000001d9add11780 JavaThread "Finalizer"                  daemon [_thread_blocked, id=33572, stack(0x000000cc27800000,0x000000cc27900000) (1024K)]
  0x000001d9add13820 JavaThread "Signal Dispatcher"          daemon [_thread_blocked, id=48788, stack(0x000000cc27900000,0x000000cc27a00000) (1024K)]
=>0x000001d9add14f80 JavaThread "Attach Listener"            daemon [_thread_in_vm, id=47488, stack(0x000000cc27a00000,0x000000cc27b00000) (1024K)]
  0x000001d9add192c0 JavaThread "Service Thread"             daemon [_thread_blocked, id=41196, stack(0x000000cc27b00000,0x000000cc27c00000) (1024K)]
  0x000001d9add26d30 JavaThread "Monitor Deflation Thread"   daemon [_thread_blocked, id=51112, stack(0x000000cc27c00000,0x000000cc27d00000) (1024K)]
  0x000001d9add2d7d0 JavaThread "C2 CompilerThread0"         daemon [_thread_blocked, id=27300, stack(0x000000cc27d00000,0x000000cc27e00000) (1024K)]
  0x000001da06ad4a20 JavaThread "C1 CompilerThread0"         daemon [_thread_blocked, id=53984, stack(0x000000cc27e00000,0x000000cc27f00000) (1024K)]
  0x000001d9add24c60 JavaThread "Common-Cleaner"             daemon [_thread_blocked, id=43828, stack(0x000000cc28000000,0x000000cc28100000) (1024K)]
  0x000001d9add27a50 JavaThread "Notification Thread"        daemon [_thread_blocked, id=19884, stack(0x000000cc27f00000,0x000000cc28000000) (1024K)]
  0x000001d9add280e0 JavaThread "Active Thread: Equinox Container: b936ddd0-51fb-4b81-be8b-b10352174946"        [_thread_blocked, id=45908, stack(0x000000cc28800000,0x000000cc28900000) (1024K)]
  0x000001d9add273c0 JavaThread "Refresh Thread: Equinox Container: b936ddd0-51fb-4b81-be8b-b10352174946" daemon [_thread_blocked, id=52636, stack(0x000000cc28900000,0x000000cc28a00000) (1024K)]
  0x000001d9add266a0 JavaThread "Framework Event Dispatcher: Equinox Container: b936ddd0-51fb-4b81-be8b-b10352174946" daemon [_thread_blocked, id=10352, stack(0x000000cc28a00000,0x000000cc28b00000) (1024K)]
  0x000001d9add252f0 JavaThread "Start Level: Equinox Container: b936ddd0-51fb-4b81-be8b-b10352174946" daemon [_thread_blocked, id=44856, stack(0x000000cc28b00000,0x000000cc28c00000) (1024K)]
  0x000001d9add25980 JavaThread "Bundle File Closer"         daemon [_thread_blocked, id=51064, stack(0x000000cc28f00000,0x000000cc29000000) (1024K)]
  0x000001d9add26010 JavaThread "SCR Component Actor"        daemon [_thread_blocked, id=23520, stack(0x000000cc27200000,0x000000cc27300000) (1024K)]
  0x000001da06b0a2b0 JavaThread "Worker-JM"                         [_thread_blocked, id=40936, stack(0x000000cc29100000,0x000000cc29200000) (1024K)]
  0x000001da06b0b660 JavaThread "Worker-1"                          [_thread_blocked, id=52368, stack(0x000000cc29200000,0x000000cc29300000) (1024K)]
  0x000001da06b0bcf0 JavaThread "Java indexing"              daemon [_thread_blocked, id=3536, stack(0x000000cc29300000,0x000000cc29400000) (1024K)]
  0x000001da06b08f00 JavaThread "JNA Cleaner"                daemon [_thread_blocked, id=11972, stack(0x000000cc29700000,0x000000cc29800000) (1024K)]
  0x000001da06b09590 JavaThread "Worker-4"                          [_thread_blocked, id=10852, stack(0x000000cc29b00000,0x000000cc29c00000) (1024K)]
  0x000001da0fb4f320 JavaThread "Thread-1"                   daemon [_thread_in_native, id=38516, stack(0x000000cc29d00000,0x000000cc29e00000) (1024K)]
  0x000001da0fb4f9b0 JavaThread "Thread-2"                   daemon [_thread_in_native, id=28912, stack(0x000000cc29e00000,0x000000cc29f00000) (1024K)]
  0x000001da0fb50040 JavaThread "Thread-3"                   daemon [_thread_in_native, id=51800, stack(0x000000cc29f00000,0x000000cc2a000000) (1024K)]
  0x000001da0fb52110 JavaThread "Thread-4"                   daemon [_thread_in_native, id=18836, stack(0x000000cc2a000000,0x000000cc2a100000) (1024K)]
  0x000001da0fb4ec90 JavaThread "Thread-5"                   daemon [_thread_in_native, id=19908, stack(0x000000cc2a100000,0x000000cc2a200000) (1024K)]
  0x000001da0fb534c0 JavaThread "Thread-6"                   daemon [_thread_in_native, id=9968, stack(0x000000cc2a200000,0x000000cc2a300000) (1024K)]
  0x000001da0fb506d0 JavaThread "Thread-7"                   daemon [_thread_in_native, id=10748, stack(0x000000cc2a300000,0x000000cc2a400000) (1024K)]
  0x000001da0fb53b50 JavaThread "Thread-8"                   daemon [_thread_in_native, id=4752, stack(0x000000cc2a400000,0x000000cc2a500000) (1024K)]
  0x000001da0fb50d60 JavaThread "Thread-9"                   daemon [_thread_in_native, id=51244, stack(0x000000cc2a500000,0x000000cc2a600000) (1024K)]
  0x000001da0fb527a0 JavaThread "Thread-10"                  daemon [_thread_in_native, id=36228, stack(0x000000cc2a600000,0x000000cc2a700000) (1024K)]
  0x000001da0fb52e30 JavaThread "Thread-11"                  daemon [_thread_in_native, id=7120, stack(0x000000cc2a700000,0x000000cc2a800000) (1024K)]
  0x000001da0fb541e0 JavaThread "Thread-12"                  daemon [_thread_in_native, id=44656, stack(0x000000cc2a800000,0x000000cc2a900000) (1024K)]
  0x000001da0fb54870 JavaThread "Thread-13"                  daemon [_thread_in_native, id=50948, stack(0x000000cc2a900000,0x000000cc2aa00000) (1024K)]
  0x000001da0fb513f0 JavaThread "pool-2-thread-1"                   [_thread_blocked, id=7432, stack(0x000000cc2aa00000,0x000000cc2ab00000) (1024K)]
  0x000001da0fb51a80 JavaThread "WorkspaceEventsHandler"            [_thread_blocked, id=52668, stack(0x000000cc2ab00000,0x000000cc2ac00000) (1024K)]
  0x000001da0fb55590 JavaThread "pool-1-thread-1"                   [_thread_blocked, id=34592, stack(0x000000cc2ac00000,0x000000cc2ad00000) (1024K)]
Total: 38

Other Threads:
  0x000001d9c47048b0 VMThread "VM Thread"                           [id=10096, stack(0x000000cc27600000,0x000000cc27700000) (1024K)]
  0x000001d9c45fca00 WatcherThread "VM Periodic Task Thread"        [id=14804, stack(0x000000cc27500000,0x000000cc27600000) (1024K)]
  0x000001d9adc8c400 WorkerThread "GC Thread#0"                     [id=51328, stack(0x000000cc27400000,0x000000cc27500000) (1024K)]
  0x000001da0c4f4b20 WorkerThread "GC Thread#1"                     [id=44652, stack(0x000000cc28200000,0x000000cc28300000) (1024K)]
  0x000001da0c4f4ed0 WorkerThread "GC Thread#2"                     [id=36256, stack(0x000000cc28300000,0x000000cc28400000) (1024K)]
  0x000001da0c4c90f0 WorkerThread "GC Thread#3"                     [id=14628, stack(0x000000cc28400000,0x000000cc28500000) (1024K)]
  0x000001da0c4c94a0 WorkerThread "GC Thread#4"                     [id=6232, stack(0x000000cc28500000,0x000000cc28600000) (1024K)]
  0x000001da0c545250 WorkerThread "GC Thread#5"                     [id=43524, stack(0x000000cc28600000,0x000000cc28700000) (1024K)]
  0x000001da0c5464c0 WorkerThread "GC Thread#6"                     [id=35120, stack(0x000000cc28700000,0x000000cc28800000) (1024K)]
  0x000001da0c5459b0 WorkerThread "GC Thread#7"                     [id=51240, stack(0x000000cc28100000,0x000000cc28200000) (1024K)]
  0x000001da0c544ea0 WorkerThread "GC Thread#8"                     [id=17324, stack(0x000000cc28d00000,0x000000cc28e00000) (1024K)]
  0x000001da0c545600 WorkerThread "GC Thread#9"                     [id=53176, stack(0x000000cc28e00000,0x000000cc28f00000) (1024K)]
Total: 12

Threads with active compile tasks:
Total: 0

VM state: not at safepoint (normal execution)

VM Mutex/Monitor currently owned by a thread: None

Heap address: 0x0000000080000000, size: 2048 MB, Compressed Oops mode: 32-bit

CDS archive(s) mapped at: [0x000001d9c5000000-0x000001d9c5ba0000-0x000001d9c5ba0000), size 12189696, SharedBaseAddress: 0x000001d9c5000000, ArchiveRelocationMode: 1.
Compressed class space mapped at: 0x000001d9c6000000-0x000001da06000000, reserved size: 1073741824
Narrow klass base: 0x000001d9c5000000, Narrow klass shift: 0, Narrow klass range: 0x100000000

GC Precious Log:
 CardTable entry size: 512
 CPUs: 12 total, 12 available
 Memory: 20164M
 Large Page Support: Disabled
 NUMA Support: Disabled
 Compressed Oops: Enabled (32-bit)
 Alignments: Space 512K, Generation 512K, Heap 2M
 Heap Min Capacity: 100M
 Heap Initial Capacity: 100M
 Heap Max Capacity: 2G
 Pre-touch: Disabled
 Parallel Workers: 10

Heap:
 PSYoungGen      total 23040K, used 8679K [0x00000000d5580000, 0x00000000d6e00000, 0x0000000100000000)
  eden space 22016K, 35% used [0x00000000d5580000,0x00000000d5d23b90,0x00000000d6b00000)
  from space 1024K, 83% used [0x00000000d6d00000,0x00000000d6dd61a8,0x00000000d6e00000)
  to   space 1024K, 0% used [0x00000000d6c00000,0x00000000d6c00000,0x00000000d6d00000)
 ParOldGen       total 68608K, used 23671K [0x0000000080000000, 0x0000000084300000, 0x00000000d5580000)
  object space 68608K, 34% used [0x0000000080000000,0x000000008171de10,0x0000000084300000)
 Metaspace       used 46359K, committed 47424K, reserved 1114112K
  class space    used 5075K, committed 5504K, reserved 1048576K

Card table byte_map: [0x000001d9ad610000,0x000001d9ada20000] _byte_map_base: 0x000001d9ad210000

Marking Bits: (ParMarkBitMap*) 0x00007ffbece53450
 Begin Bits: [0x000001d9c0120000, 0x000001d9c2120000)
 End Bits:   [0x000001d9c2120000, 0x000001d9c4120000)

Polling page: 0x000001d9abb30000

Metaspace:

Usage:
  Non-class:     40.32 MB used.
      Class:      4.96 MB used.
       Both:     45.27 MB used.

Virtual space:
  Non-class space:       64.00 MB reserved,      40.94 MB ( 64%) committed,  1 nodes.
      Class space:        1.00 GB reserved,       5.38 MB ( <1%) committed,  1 nodes.
             Both:        1.06 GB reserved,      46.31 MB (  4%) committed. 

Chunk freelists:
   Non-Class:  6.81 MB
       Class:  10.51 MB
        Both:  17.32 MB

MaxMetaspaceSize: unlimited
CompressedClassSpaceSize: 1.00 GB
Initial GC threshold: 21.00 MB
Current GC threshold: 58.38 MB
CDS: on
 - commit_granule_bytes: 65536.
 - commit_granule_words: 8192.
 - virtual_space_node_default_size: 8388608.
 - enlarge_chunks_in_place: 1.
 - use_allocation_guard: 0.


Internal statistics:

num_allocs_failed_limit: 6.
num_arena_births: 814.
num_arena_deaths: 14.
num_vsnodes_births: 2.
num_vsnodes_deaths: 0.
num_space_committed: 741.
num_space_uncommitted: 0.
num_chunks_returned_to_freelist: 20.
num_chunks_taken_from_freelist: 2860.
num_chunk_merges: 11.
num_chunk_splits: 1785.
num_chunks_enlarged: 1056.
num_inconsistent_stats: 0.

CodeHeap 'non-profiled nmethods': size=120000Kb used=3388Kb max_used=3388Kb free=116611Kb
 bounds [0x000001d9b8940000, 0x000001d9b8c90000, 0x000001d9bfe70000]
CodeHeap 'profiled nmethods': size=120000Kb used=12130Kb max_used=12130Kb free=107869Kb
 bounds [0x000001d9b0e70000, 0x000001d9b1a50000, 0x000001d9b83a0000]
CodeHeap 'non-nmethods': size=5760Kb used=1366Kb max_used=1429Kb free=4393Kb
 bounds [0x000001d9b83a0000, 0x000001d9b8610000, 0x000001d9b8940000]
CodeCache: size=245760Kb, used=16884Kb, max_used=16947Kb, free=228873Kb
 total_blobs=6559, nmethods=5896, adapters=569, full_count=0
Compilation: enabled, stopped_count=0, restarted_count=0

Compilation events (20 events):
Event: 56400.866 Thread 0x000001d9add2d7d0 6483       4       java.util.concurrent.locks.AbstractQueuedSynchronizer$Node::clearStatus (12 bytes)
Event: 56400.866 Thread 0x000001d9add2d7d0 nmethod 6483 0x000001d9b8c8ba10 code [0x000001d9b8c8bba0, 0x000001d9b8c8bc30]
Event: 58068.029 Thread 0x000001d9add2d7d0 6484       4       java.util.concurrent.locks.AbstractQueuedSynchronizer$Node::getAndUnsetStatus (14 bytes)
Event: 58068.034 Thread 0x000001d9add2d7d0 nmethod 6484 0x000001d9b8c8bd10 code [0x000001d9b8c8bea0, 0x000001d9b8c8bf70]
Event: 58389.097 Thread 0x000001d9add2d7d0 6485   !   4       java.util.concurrent.locks.AbstractQueuedSynchronizer::tryInitializeHead (66 bytes)
Event: 58389.100 Thread 0x000001d9add2d7d0 nmethod 6485 0x000001d9b8c8c010 code [0x000001d9b8c8c1a0, 0x000001d9b8c8c360]
Event: 58692.517 Thread 0x000001d9add2d7d0 6486       4       java.util.concurrent.locks.ReentrantReadWriteLock$Sync::tryAcquireShared (177 bytes)
Event: 58692.531 Thread 0x000001d9add2d7d0 nmethod 6486 0x000001d9b8c8c490 code [0x000001d9b8c8c660, 0x000001d9b8c8c928]
Event: 58812.547 Thread 0x000001d9add2d7d0 6487       4       java.util.concurrent.locks.AbstractQueuedSynchronizer::acquireShared (20 bytes)
Event: 58812.552 Thread 0x000001d9add2d7d0 nmethod 6487 0x000001d9b8c8cc10 code [0x000001d9b8c8cde0, 0x000001d9b8c8d0f0]
Event: 61070.893 Thread 0x000001d9add2d7d0 6488   !   4       java.util.concurrent.locks.AbstractQueuedSynchronizer$ConditionObject::newConditionNode (78 bytes)
Event: 61070.913 Thread 0x000001d9add2d7d0 nmethod 6488 0x000001d9b8c8d410 code [0x000001d9b8c8d600, 0x000001d9b8c8d998]
Event: 61070.913 Thread 0x000001d9add2d7d0 6489       4       java.util.concurrent.locks.AbstractQueuedSynchronizer$ConditionObject::enableWait (84 bytes)
Event: 61070.925 Thread 0x000001d9add2d7d0 nmethod 6489 0x000001d9b8c8dc90 code [0x000001d9b8c8de60, 0x000001d9b8c8e170]
Event: 61106.285 Thread 0x000001d9add2d7d0 6490   !   4       java.util.concurrent.locks.AbstractQueuedSynchronizer::reacquire (64 bytes)
Event: 61106.289 Thread 0x000001d9add2d7d0 nmethod 6490 0x000001d9b8c8e410 code [0x000001d9b8c8e5c0, 0x000001d9b8c8e7b0]
Event: 61140.964 Thread 0x000001d9add2d7d0 6491       4       java.util.concurrent.locks.AbstractQueuedSynchronizer$ConditionObject::unlinkCancelledWaiters (91 bytes)
Event: 61140.967 Thread 0x000001d9add2d7d0 nmethod 6491 0x000001d9b8c8e910 code [0x000001d9b8c8eaa0, 0x000001d9b8c8ec08]
Event: 61446.025 Thread 0x000001d9add2d7d0 6492       4       java.util.HashMap$KeySet::iterator (12 bytes)
Event: 61446.037 Thread 0x000001d9add2d7d0 nmethod 6492 0x000001d9b8c8ed90 code [0x000001d9b8c8ef40, 0x000001d9b8c8f148]

GC Heap History (20 events):
Event: 44.720 GC heap before
{Heap before GC invocations=11 (full 1):
 PSYoungGen      total 25600K, used 24987K [0x00000000d5580000, 0x00000000d7300000, 0x0000000100000000)
  eden space 23552K, 99% used [0x00000000d5580000,0x00000000d6c7ffc8,0x00000000d6c80000)
  from space 2048K, 70% used [0x00000000d6f00000,0x00000000d7066da0,0x00000000d7100000)
  to   space 2048K, 0% used [0x00000000d7100000,0x00000000d7100000,0x00000000d7300000)
 ParOldGen       total 68608K, used 14244K [0x0000000080000000, 0x0000000084300000, 0x00000000d5580000)
  object space 68608K, 20% used [0x0000000080000000,0x0000000080de9398,0x0000000084300000)
 Metaspace       used 27923K, committed 28800K, reserved 1114112K
  class space    used 2739K, committed 3136K, reserved 1048576K
}
Event: 44.725 GC heap after
{Heap after GC invocations=11 (full 1):
 PSYoungGen      total 25088K, used 1595K [0x00000000d5580000, 0x00000000d7300000, 0x0000000100000000)
  eden space 23040K, 0% used [0x00000000d5580000,0x00000000d5580000,0x00000000d6c00000)
  from space 2048K, 77% used [0x00000000d7100000,0x00000000d728ee70,0x00000000d7300000)
  to   space 2048K, 0% used [0x00000000d6f00000,0x00000000d6f00000,0x00000000d7100000)
 ParOldGen       total 68608K, used 15166K [0x0000000080000000, 0x0000000084300000, 0x00000000d5580000)
  object space 68608K, 22% used [0x0000000080000000,0x0000000080ecf990,0x0000000084300000)
 Metaspace       used 27923K, committed 28800K, reserved 1114112K
  class space    used 2739K, committed 3136K, reserved 1048576K
}
Event: 45.356 GC heap before
{Heap before GC invocations=12 (full 1):
 PSYoungGen      total 25088K, used 24635K [0x00000000d5580000, 0x00000000d7300000, 0x0000000100000000)
  eden space 23040K, 100% used [0x00000000d5580000,0x00000000d6c00000,0x00000000d6c00000)
  from space 2048K, 77% used [0x00000000d7100000,0x00000000d728ee70,0x00000000d7300000)
  to   space 2048K, 0% used [0x00000000d6f00000,0x00000000d6f00000,0x00000000d7100000)
 ParOldGen       total 68608K, used 15166K [0x0000000080000000, 0x0000000084300000, 0x00000000d5580000)
  object space 68608K, 22% used [0x0000000080000000,0x0000000080ecf990,0x0000000084300000)
 Metaspace       used 31348K, committed 32256K, reserved 1114112K
  class space    used 3187K, committed 3584K, reserved 1048576K
}
Event: 45.362 GC heap after
{Heap after GC invocations=12 (full 1):
 PSYoungGen      total 23552K, used 928K [0x00000000d5580000, 0x00000000d7180000, 0x0000000100000000)
  eden space 22528K, 0% used [0x00000000d5580000,0x00000000d5580000,0x00000000d6b80000)
  from space 1024K, 90% used [0x00000000d6f00000,0x00000000d6fe8020,0x00000000d7000000)
  to   space 1536K, 0% used [0x00000000d7000000,0x00000000d7000000,0x00000000d7180000)
 ParOldGen       total 68608K, used 16604K [0x0000000080000000, 0x0000000084300000, 0x00000000d5580000)
  object space 68608K, 24% used [0x0000000080000000,0x0000000081037330,0x0000000084300000)
 Metaspace       used 31348K, committed 32256K, reserved 1114112K
  class space    used 3187K, committed 3584K, reserved 1048576K
}
Event: 45.739 GC heap before
{Heap before GC invocations=13 (full 1):
 PSYoungGen      total 23552K, used 23456K [0x00000000d5580000, 0x00000000d7180000, 0x0000000100000000)
  eden space 22528K, 100% used [0x00000000d5580000,0x00000000d6b80000,0x00000000d6b80000)
  from space 1024K, 90% used [0x00000000d6f00000,0x00000000d6fe8020,0x00000000d7000000)
  to   space 1536K, 0% used [0x00000000d7000000,0x00000000d7000000,0x00000000d7180000)
 ParOldGen       total 68608K, used 16604K [0x0000000080000000, 0x0000000084300000, 0x00000000d5580000)
  object space 68608K, 24% used [0x0000000080000000,0x0000000081037330,0x0000000084300000)
 Metaspace       used 33125K, committed 34240K, reserved 1114112K
  class space    used 3427K, committed 3904K, reserved 1048576K
}
Event: 45.743 GC heap after
{Heap after GC invocations=13 (full 1):
 PSYoungGen      total 23552K, used 1517K [0x00000000d5580000, 0x00000000d7180000, 0x0000000100000000)
  eden space 22016K, 0% used [0x00000000d5580000,0x00000000d5580000,0x00000000d6b00000)
  from space 1536K, 98% used [0x00000000d7000000,0x00000000d717b420,0x00000000d7180000)
  to   space 2560K, 0% used [0x00000000d6c80000,0x00000000d6c80000,0x00000000d6f00000)
 ParOldGen       total 68608K, used 17347K [0x0000000080000000, 0x0000000084300000, 0x00000000d5580000)
  object space 68608K, 25% used [0x0000000080000000,0x00000000810f0c18,0x0000000084300000)
 Metaspace       used 33125K, committed 34240K, reserved 1114112K
  class space    used 3427K, committed 3904K, reserved 1048576K
}
Event: 45.931 GC heap before
{Heap before GC invocations=14 (full 1):
 PSYoungGen      total 23552K, used 15891K [0x00000000d5580000, 0x00000000d7180000, 0x0000000100000000)
  eden space 22016K, 65% used [0x00000000d5580000,0x00000000d6389ba8,0x00000000d6b00000)
  from space 1536K, 98% used [0x00000000d7000000,0x00000000d717b420,0x00000000d7180000)
  to   space 2560K, 0% used [0x00000000d6c80000,0x00000000d6c80000,0x00000000d6f00000)
 ParOldGen       total 68608K, used 17347K [0x0000000080000000, 0x0000000084300000, 0x00000000d5580000)
  object space 68608K, 25% used [0x0000000080000000,0x00000000810f0c18,0x0000000084300000)
 Metaspace       used 34800K, committed 35840K, reserved 1114112K
  class space    used 3620K, committed 4096K, reserved 1048576K
}
Event: 45.934 GC heap after
{Heap after GC invocations=14 (full 1):
 PSYoungGen      total 24576K, used 847K [0x00000000d5580000, 0x00000000d7080000, 0x0000000100000000)
  eden space 22016K, 0% used [0x00000000d5580000,0x00000000d5580000,0x00000000d6b00000)
  from space 2560K, 33% used [0x00000000d6c80000,0x00000000d6d53e98,0x00000000d6f00000)
  to   space 1536K, 0% used [0x00000000d6f00000,0x00000000d6f00000,0x00000000d7080000)
 ParOldGen       total 68608K, used 18497K [0x0000000080000000, 0x0000000084300000, 0x00000000d5580000)
  object space 68608K, 26% used [0x0000000080000000,0x00000000812107b0,0x0000000084300000)
 Metaspace       used 34800K, committed 35840K, reserved 1114112K
  class space    used 3620K, committed 4096K, reserved 1048576K
}
Event: 45.934 GC heap before
{Heap before GC invocations=15 (full 2):
 PSYoungGen      total 24576K, used 847K [0x00000000d5580000, 0x00000000d7080000, 0x0000000100000000)
  eden space 22016K, 0% used [0x00000000d5580000,0x00000000d5580000,0x00000000d6b00000)
  from space 2560K, 33% used [0x00000000d6c80000,0x00000000d6d53e98,0x00000000d6f00000)
  to   space 1536K, 0% used [0x00000000d6f00000,0x00000000d6f00000,0x00000000d7080000)
 ParOldGen       total 68608K, used 18497K [0x0000000080000000, 0x0000000084300000, 0x00000000d5580000)
  object space 68608K, 26% used [0x0000000080000000,0x00000000812107b0,0x0000000084300000)
 Metaspace       used 34800K, committed 35840K, reserved 1114112K
  class space    used 3620K, committed 4096K, reserved 1048576K
}
Event: 45.984 GC heap after
{Heap after GC invocations=15 (full 2):
 PSYoungGen      total 24576K, used 0K [0x00000000d5580000, 0x00000000d7080000, 0x0000000100000000)
  eden space 22016K, 0% used [0x00000000d5580000,0x00000000d5580000,0x00000000d6b00000)
  from space 2560K, 0% used [0x00000000d6c80000,0x00000000d6c80000,0x00000000d6f00000)
  to   space 1536K, 0% used [0x00000000d6f00000,0x00000000d6f00000,0x00000000d7080000)
 ParOldGen       total 68608K, used 18440K [0x0000000080000000, 0x0000000084300000, 0x00000000d5580000)
  object space 68608K, 26% used [0x0000000080000000,0x0000000081202390,0x0000000084300000)
 Metaspace       used 34800K, committed 35840K, reserved 1114112K
  class space    used 3620K, committed 4096K, reserved 1048576K
}
Event: 46.252 GC heap before
{Heap before GC invocations=16 (full 2):
 PSYoungGen      total 24576K, used 22016K [0x00000000d5580000, 0x00000000d7080000, 0x0000000100000000)
  eden space 22016K, 100% used [0x00000000d5580000,0x00000000d6b00000,0x00000000d6b00000)
  from space 2560K, 0% used [0x00000000d6c80000,0x00000000d6c80000,0x00000000d6f00000)
  to   space 1536K, 0% used [0x00000000d6f00000,0x00000000d6f00000,0x00000000d7080000)
 ParOldGen       total 68608K, used 18440K [0x0000000080000000, 0x0000000084300000, 0x00000000d5580000)
  object space 68608K, 26% used [0x0000000080000000,0x0000000081202390,0x0000000084300000)
 Metaspace       used 36693K, committed 37760K, reserved 1114112K
  class space    used 3892K, committed 4352K, reserved 1048576K
}
Event: 46.254 GC heap after
{Heap after GC invocations=16 (full 2):
 PSYoungGen      total 23552K, used 1536K [0x00000000d5580000, 0x00000000d7080000, 0x0000000100000000)
  eden space 22016K, 0% used [0x00000000d5580000,0x00000000d5580000,0x00000000d6b00000)
  from space 1536K, 100% used [0x00000000d6f00000,0x00000000d7080000,0x00000000d7080000)
  to   space 2560K, 0% used [0x00000000d6b80000,0x00000000d6b80000,0x00000000d6e00000)
 ParOldGen       total 68608K, used 18872K [0x0000000080000000, 0x0000000084300000, 0x00000000d5580000)
  object space 68608K, 27% used [0x0000000080000000,0x000000008126e390,0x0000000084300000)
 Metaspace       used 36693K, committed 37760K, reserved 1114112K
  class space    used 3892K, committed 4352K, reserved 1048576K
}
Event: 47.020 GC heap before
{Heap before GC invocations=17 (full 2):
 PSYoungGen      total 23552K, used 23552K [0x00000000d5580000, 0x00000000d7080000, 0x0000000100000000)
  eden space 22016K, 100% used [0x00000000d5580000,0x00000000d6b00000,0x00000000d6b00000)
  from space 1536K, 100% used [0x00000000d6f00000,0x00000000d7080000,0x00000000d7080000)
  to   space 2560K, 0% used [0x00000000d6b80000,0x00000000d6b80000,0x00000000d6e00000)
 ParOldGen       total 68608K, used 18872K [0x0000000080000000, 0x0000000084300000, 0x00000000d5580000)
  object space 68608K, 27% used [0x0000000080000000,0x000000008126e390,0x0000000084300000)
 Metaspace       used 39273K, committed 40384K, reserved 1114112K
  class space    used 4211K, committed 4672K, reserved 1048576K
}
Event: 47.024 GC heap after
{Heap after GC invocations=17 (full 2):
 PSYoungGen      total 24576K, used 1216K [0x00000000d5580000, 0x00000000d6f80000, 0x0000000100000000)
  eden space 22016K, 0% used [0x00000000d5580000,0x00000000d5580000,0x00000000d6b00000)
  from space 2560K, 47% used [0x00000000d6b80000,0x00000000d6cb0000,0x00000000d6e00000)
  to   space 1536K, 0% used [0x00000000d6e00000,0x00000000d6e00000,0x00000000d6f80000)
 ParOldGen       total 68608K, used 20373K [0x0000000080000000, 0x0000000084300000, 0x00000000d5580000)
  object space 68608K, 29% used [0x0000000080000000,0x00000000813e56e8,0x0000000084300000)
 Metaspace       used 39273K, committed 40384K, reserved 1114112K
  class space    used 4211K, committed 4672K, reserved 1048576K
}
Event: 47.813 GC heap before
{Heap before GC invocations=18 (full 2):
 PSYoungGen      total 24576K, used 23232K [0x00000000d5580000, 0x00000000d6f80000, 0x0000000100000000)
  eden space 22016K, 100% used [0x00000000d5580000,0x00000000d6b00000,0x00000000d6b00000)
  from space 2560K, 47% used [0x00000000d6b80000,0x00000000d6cb0000,0x00000000d6e00000)
  to   space 1536K, 0% used [0x00000000d6e00000,0x00000000d6e00000,0x00000000d6f80000)
 ParOldGen       total 68608K, used 20373K [0x0000000080000000, 0x0000000084300000, 0x00000000d5580000)
  object space 68608K, 29% used [0x0000000080000000,0x00000000813e56e8,0x0000000084300000)
 Metaspace       used 41784K, committed 42880K, reserved 1114112K
  class space    used 4561K, committed 4992K, reserved 1048576K
}
Event: 47.816 GC heap after
{Heap after GC invocations=18 (full 2):
 PSYoungGen      total 23552K, used 1536K [0x00000000d5580000, 0x00000000d6f80000, 0x0000000100000000)
  eden space 22016K, 0% used [0x00000000d5580000,0x00000000d5580000,0x00000000d6b00000)
  from space 1536K, 100% used [0x00000000d6e00000,0x00000000d6f80000,0x00000000d6f80000)
  to   space 2048K, 0% used [0x00000000d6b80000,0x00000000d6b80000,0x00000000d6d80000)
 ParOldGen       total 68608K, used 21397K [0x0000000080000000, 0x0000000084300000, 0x00000000d5580000)
  object space 68608K, 31% used [0x0000000080000000,0x00000000814e56f8,0x0000000084300000)
 Metaspace       used 41784K, committed 42880K, reserved 1114112K
  class space    used 4561K, committed 4992K, reserved 1048576K
}
Event: 48.521 GC heap before
{Heap before GC invocations=19 (full 2):
 PSYoungGen      total 23552K, used 23552K [0x00000000d5580000, 0x00000000d6f80000, 0x0000000100000000)
  eden space 22016K, 100% used [0x00000000d5580000,0x00000000d6b00000,0x00000000d6b00000)
  from space 1536K, 100% used [0x00000000d6e00000,0x00000000d6f80000,0x00000000d6f80000)
  to   space 2048K, 0% used [0x00000000d6b80000,0x00000000d6b80000,0x00000000d6d80000)
 ParOldGen       total 68608K, used 21397K [0x0000000080000000, 0x0000000084300000, 0x00000000d5580000)
  object space 68608K, 31% used [0x0000000080000000,0x00000000814e5738,0x0000000084300000)
 Metaspace       used 44335K, committed 45440K, reserved 1114112K
  class space    used 4859K, committed 5312K, reserved 1048576K
}
Event: 48.525 GC heap after
{Heap after GC invocations=19 (full 2):
 PSYoungGen      total 23552K, used 1227K [0x00000000d5580000, 0x00000000d6e80000, 0x0000000100000000)
  eden space 22016K, 0% used [0x00000000d5580000,0x00000000d5580000,0x00000000d6b00000)
  from space 1536K, 79% used [0x00000000d6b80000,0x00000000d6cb2fc8,0x00000000d6d00000)
  to   space 1536K, 0% used [0x00000000d6d00000,0x00000000d6d00000,0x00000000d6e80000)
 ParOldGen       total 68608K, used 22701K [0x0000000080000000, 0x0000000084300000, 0x00000000d5580000)
  object space 68608K, 33% used [0x0000000080000000,0x000000008162b438,0x0000000084300000)
 Metaspace       used 44335K, committed 45440K, reserved 1114112K
  class space    used 4859K, committed 5312K, reserved 1048576K
}
Event: 49.709 GC heap before
{Heap before GC invocations=20 (full 2):
 PSYoungGen      total 23552K, used 23243K [0x00000000d5580000, 0x00000000d6e80000, 0x0000000100000000)
  eden space 22016K, 100% used [0x00000000d5580000,0x00000000d6b00000,0x00000000d6b00000)
  from space 1536K, 79% used [0x00000000d6b80000,0x00000000d6cb2fc8,0x00000000d6d00000)
  to   space 1536K, 0% used [0x00000000d6d00000,0x00000000d6d00000,0x00000000d6e80000)
 ParOldGen       total 68608K, used 22704K [0x0000000080000000, 0x0000000084300000, 0x00000000d5580000)
  object space 68608K, 33% used [0x0000000080000000,0x000000008162c130,0x0000000084300000)
 Metaspace       used 45690K, committed 46784K, reserved 1114112K
  class space    used 5009K, committed 5440K, reserved 1048576K
}
Event: 49.712 GC heap after
{Heap after GC invocations=20 (full 2):
 PSYoungGen      total 23040K, used 856K [0x00000000d5580000, 0x00000000d6e00000, 0x0000000100000000)
  eden space 22016K, 0% used [0x00000000d5580000,0x00000000d5580000,0x00000000d6b00000)
  from space 1024K, 83% used [0x00000000d6d00000,0x00000000d6dd61a8,0x00000000d6e00000)
  to   space 1024K, 0% used [0x00000000d6c00000,0x00000000d6c00000,0x00000000d6d00000)
 ParOldGen       total 68608K, used 23671K [0x0000000080000000, 0x0000000084300000, 0x00000000d5580000)
  object space 68608K, 34% used [0x0000000080000000,0x000000008171de10,0x0000000084300000)
 Metaspace       used 45690K, committed 46784K, reserved 1114112K
  class space    used 5009K, committed 5440K, reserved 1048576K
}

Dll operation events (10 events):
Event: 0.016 Loaded shared library c:\Users\USER\.vscode\extensions\redhat.java-1.53.0-win32-x64\jre\21.0.10-win32-x86_64\bin\java.dll
Event: 0.120 Loaded shared library c:\Users\USER\.vscode\extensions\redhat.java-1.53.0-win32-x64\jre\21.0.10-win32-x86_64\bin\zip.dll
Event: 0.155 Loaded shared library C:\Users\USER\.vscode\extensions\redhat.java-1.53.0-win32-x64\jre\21.0.10-win32-x86_64\bin\instrument.dll
Event: 0.164 Loaded shared library C:\Users\USER\.vscode\extensions\redhat.java-1.53.0-win32-x64\jre\21.0.10-win32-x86_64\bin\net.dll
Event: 0.190 Loaded shared library C:\Users\USER\.vscode\extensions\redhat.java-1.53.0-win32-x64\jre\21.0.10-win32-x86_64\bin\nio.dll
Event: 0.197 Loaded shared library C:\Users\USER\.vscode\extensions\redhat.java-1.53.0-win32-x64\jre\21.0.10-win32-x86_64\bin\zip.dll
Event: 0.227 Loaded shared library C:\Users\USER\.vscode\extensions\redhat.java-1.53.0-win32-x64\jre\21.0.10-win32-x86_64\bin\jimage.dll
Event: 0.462 Loaded shared library c:\Users\USER\.vscode\extensions\redhat.java-1.53.0-win32-x64\jre\21.0.10-win32-x86_64\bin\verify.dll
Event: 20.706 Loaded shared library C:\Users\USER\AppData\Roaming\Code\User\globalStorage\redhat.java\1.53.0\config_win\org.eclipse.equinox.launcher\org.eclipse.equinox.launcher.win32.win32.x86_64_1.3.0.v20260203-2149\eclipse_11919.dll
Event: 45.326 Loaded shared library C:\Users\USER\AppData\Local\Temp\jna-2614219\jna8883560324610886950.dll

Deoptimization events (20 events):
Event: 62.610 Thread 0x000001d9add280e0 DEOPT PACKING pc=0x000001d9b12833ae sp=0x000000cc288ff050
Event: 62.610 Thread 0x000001d9add280e0 DEOPT UNPACKING pc=0x000001d9b83f4242 sp=0x000000cc288fe5a8 mode 0
Event: 62.610 Thread 0x000001d9add280e0 DEOPT PACKING pc=0x000001d9b12833ae sp=0x000000cc288ff050
Event: 62.610 Thread 0x000001d9add280e0 DEOPT UNPACKING pc=0x000001d9b83f4242 sp=0x000000cc288fe5a8 mode 0
Event: 62.611 Thread 0x000001d9add280e0 DEOPT PACKING pc=0x000001d9b12833ae sp=0x000000cc288ff050
Event: 62.611 Thread 0x000001d9add280e0 DEOPT UNPACKING pc=0x000001d9b83f4242 sp=0x000000cc288fe5a8 mode 0
Event: 62.611 Thread 0x000001d9add280e0 DEOPT PACKING pc=0x000001d9b12833ae sp=0x000000cc288ff050
Event: 62.611 Thread 0x000001d9add280e0 DEOPT UNPACKING pc=0x000001d9b83f4242 sp=0x000000cc288fe5a8 mode 0
Event: 62.611 Thread 0x000001d9add280e0 DEOPT PACKING pc=0x000001d9b12833ae sp=0x000000cc288ff050
Event: 62.611 Thread 0x000001d9add280e0 DEOPT UNPACKING pc=0x000001d9b83f4242 sp=0x000000cc288fe5a8 mode 0
Event: 62.612 Thread 0x000001d9add280e0 DEOPT PACKING pc=0x000001d9b12833ae sp=0x000000cc288ff050
Event: 62.612 Thread 0x000001d9add280e0 DEOPT UNPACKING pc=0x000001d9b83f4242 sp=0x000000cc288fe5a8 mode 0
Event: 62.612 Thread 0x000001d9add280e0 DEOPT PACKING pc=0x000001d9b12833ae sp=0x000000cc288ff050
Event: 62.612 Thread 0x000001d9add280e0 DEOPT UNPACKING pc=0x000001d9b83f4242 sp=0x000000cc288fe5a8 mode 0
Event: 50489.377 Thread 0x000001da06b09c20 DEOPT PACKING pc=0x000001d9b197eec6 sp=0x000000cc270fe090
Event: 50489.378 Thread 0x000001da06b09c20 DEOPT UNPACKING pc=0x000001d9b83f4242 sp=0x000000cc270fd610 mode 0
Event: 50489.378 Thread 0x000001da06b09c20 Uncommon trap: trap_request=0xffffff45 fr.pc=0x000001d9b8a06eec relative=0x000000000000004c
Event: 50489.379 Thread 0x000001da06b09c20 Uncommon trap: reason=unstable_if action=reinterpret pc=0x000001d9b8a06eec method=sun.nio.fs.WindowsPathParser.isSlash(C)Z @ 9 c2
Event: 50489.379 Thread 0x000001da06b09c20 DEOPT PACKING pc=0x000001d9b8a06eec sp=0x000000cc270fe120
Event: 50489.379 Thread 0x000001da06b09c20 DEOPT UNPACKING pc=0x000001d9b83f3aa2 sp=0x000000cc270fe0a8 mode 2

Classes loaded (20 events):
Event: 49.688 Loading class java/util/concurrent/CompletableFuture$UniApply
Event: 49.688 Loading class java/util/concurrent/CompletableFuture$UniCompletion
Event: 49.688 Loading class java/util/concurrent/CompletableFuture$UniCompletion done
Event: 49.688 Loading class java/util/concurrent/CompletableFuture$UniApply done
Event: 49.690 Loading class java/util/concurrent/CompletableFuture$UniAccept
Event: 49.691 Loading class java/util/concurrent/CompletableFuture$UniAccept done
Event: 49.691 Loading class java/util/concurrent/CompletableFuture$UniExceptionally
Event: 49.691 Loading class java/util/concurrent/CompletableFuture$UniExceptionally done
Event: 49.744 Loading class java/nio/file/InvalidPathException
Event: 49.744 Loading class java/nio/file/InvalidPathException done
Event: 49.775 Loading class java/nio/file/FileAlreadyExistsException
Event: 49.775 Loading class java/nio/file/FileAlreadyExistsException done
Event: 49.776 Loading class java/nio/file/DirectoryNotEmptyException
Event: 49.776 Loading class java/nio/file/DirectoryNotEmptyException done
Event: 49.776 Loading class java/nio/file/StandardCopyOption
Event: 49.777 Loading class java/nio/file/StandardCopyOption done
Event: 49.802 Loading class jdk/internal/reflect/MethodHandleShortFieldAccessorImpl
Event: 49.803 Loading class jdk/internal/reflect/MethodHandleShortFieldAccessorImpl done
Event: 49.805 Loading class java/lang/Short$ShortCache
Event: 49.805 Loading class java/lang/Short$ShortCache done

Classes unloaded (7 events):
Event: 43.604 Thread 0x000001d9c47048b0 Unloading class 0x000001d9c61a4000 'java/lang/invoke/LambdaForm$MH+0x000001d9c61a4000'
Event: 43.604 Thread 0x000001d9c47048b0 Unloading class 0x000001d9c61a3c00 'java/lang/invoke/LambdaForm$MH+0x000001d9c61a3c00'
Event: 43.604 Thread 0x000001d9c47048b0 Unloading class 0x000001d9c61a3800 'java/lang/invoke/LambdaForm$MH+0x000001d9c61a3800'
Event: 43.604 Thread 0x000001d9c47048b0 Unloading class 0x000001d9c61a3400 'java/lang/invoke/LambdaForm$MH+0x000001d9c61a3400'
Event: 43.604 Thread 0x000001d9c47048b0 Unloading class 0x000001d9c61a3000 'java/lang/invoke/LambdaForm$BMH+0x000001d9c61a3000'
Event: 43.604 Thread 0x000001d9c47048b0 Unloading class 0x000001d9c61a2c00 'java/lang/invoke/LambdaForm$DMH+0x000001d9c61a2c00'
Event: 43.604 Thread 0x000001d9c47048b0 Unloading class 0x000001d9c61a1800 'java/lang/invoke/LambdaForm$DMH+0x000001d9c61a1800'

Classes redefined (0 events):
No events

Internal exceptions (20 events):
Event: 49.490 Thread 0x000001da0fb55590 Exception <a 'sun/nio/fs/WindowsException'{0x00000000d66ed910}> (0x00000000d66ed910) 
thrown [s\src\hotspot\share\prims\jni.cpp, line 520]
Event: 49.490 Thread 0x000001da0fb55590 Exception <a 'sun/nio/fs/WindowsException'{0x00000000d66ee1f0}> (0x00000000d66ee1f0) 
thrown [s\src\hotspot\share\prims\jni.cpp, line 520]
Event: 49.492 Thread 0x000001da0fb55590 Exception <a 'java/lang/NoSuchMethodError'{0x00000000d6703570}: 'void java.lang.invoke.DirectMethodHandle$Holder.invokeVirtual(java.lang.Object, java.lang.Object, java.lang.Object, java.lang.Object)'> (0x00000000d6703570) 
thrown [s\src\hotspot\share\interpreter\linkResolver.cpp, line 773]
Event: 49.496 Thread 0x000001da0fb55590 Exception <a 'sun/nio/fs/WindowsException'{0x00000000d6725078}> (0x00000000d6725078) 
thrown [s\src\hotspot\share\prims\jni.cpp, line 520]
Event: 49.496 Thread 0x000001da0fb55590 Exception <a 'sun/nio/fs/WindowsException'{0x00000000d67256c8}> (0x00000000d67256c8) 
thrown [s\src\hotspot\share\prims\jni.cpp, line 520]
Event: 49.497 Thread 0x000001da0fb55590 Exception <a 'sun/nio/fs/WindowsException'{0x00000000d67288c0}> (0x00000000d67288c0) 
thrown [s\src\hotspot\share\prims\jni.cpp, line 520]
Event: 49.497 Thread 0x000001da0fb55590 Exception <a 'sun/nio/fs/WindowsException'{0x00000000d6728f10}> (0x00000000d6728f10) 
thrown [s\src\hotspot\share\prims\jni.cpp, line 520]
Event: 49.529 Thread 0x000001da0fb55590 Exception <a 'sun/nio/fs/WindowsException'{0x00000000d684d258}> (0x00000000d684d258) 
thrown [s\src\hotspot\share\prims\jni.cpp, line 520]
Event: 49.529 Thread 0x000001da0fb55590 Exception <a 'sun/nio/fs/WindowsException'{0x00000000d684dd58}> (0x00000000d684dd58) 
thrown [s\src\hotspot\share\prims\jni.cpp, line 520]
Event: 49.530 Thread 0x000001da0fb55590 Exception <a 'sun/nio/fs/WindowsException'{0x00000000d68577f8}> (0x00000000d68577f8) 
thrown [s\src\hotspot\share\prims\jni.cpp, line 520]
Event: 49.530 Thread 0x000001da0fb55590 Exception <a 'sun/nio/fs/WindowsException'{0x00000000d68580f8}> (0x00000000d68580f8) 
thrown [s\src\hotspot\share\prims\jni.cpp, line 520]
Event: 49.530 Thread 0x000001da0fb55590 Exception <a 'sun/nio/fs/WindowsException'{0x00000000d6859d08}> (0x00000000d6859d08) 
thrown [s\src\hotspot\share\prims\jni.cpp, line 520]
Event: 49.530 Thread 0x000001da0fb55590 Exception <a 'sun/nio/fs/WindowsException'{0x00000000d685a5e8}> (0x00000000d685a5e8) 
thrown [s\src\hotspot\share\prims\jni.cpp, line 520]
Event: 49.533 Thread 0x000001da0fb55590 Exception <a 'sun/nio/fs/WindowsException'{0x00000000d686a7b8}> (0x00000000d686a7b8) 
thrown [s\src\hotspot\share\prims\jni.cpp, line 520]
Event: 49.533 Thread 0x000001da0fb55590 Exception <a 'sun/nio/fs/WindowsException'{0x00000000d686ade8}> (0x00000000d686ade8) 
thrown [s\src\hotspot\share\prims\jni.cpp, line 520]
Event: 49.533 Thread 0x000001da0fb55590 Exception <a 'sun/nio/fs/WindowsException'{0x00000000d686b970}> (0x00000000d686b970) 
thrown [s\src\hotspot\share\prims\jni.cpp, line 520]
Event: 49.533 Thread 0x000001da0fb55590 Exception <a 'sun/nio/fs/WindowsException'{0x00000000d686bfa0}> (0x00000000d686bfa0) 
thrown [s\src\hotspot\share\prims\jni.cpp, line 520]
Event: 49.683 Thread 0x000001da0fb55590 Exception <a 'java/lang/IncompatibleClassChangeError'{0x00000000d68cc4c0}: Found class java.lang.Object, but interface was expected> (0x00000000d68cc4c0) 
thrown [s\src\hotspot\share\interpreter\linkResolver.cpp, line 840]
Event: 49.735 Thread 0x000001da0f5dd020 Exception <a 'java/lang/NoSuchMethodError'{0x00000000d5696628}: 'java.lang.Object java.lang.invoke.DirectMethodHandle$Holder.invokeStaticInit(java.lang.Object, java.lang.Object, java.lang.Object)'> (0x00000000d5696628) 
thrown [s\src\hotspot\share\interpreter\linkResolver.cpp, line 773]
Event: 61.871 Thread 0x000001da0fb55590 Exception <a 'java/lang/IncompatibleClassChangeError'{0x00000000d5903530}: Found class java.lang.Object, but interface was expected> (0x00000000d5903530) 
thrown [s\src\hotspot\share\interpreter\linkResolver.cpp, line 840]

ZGC Phase Switch (0 events):
No events

VM Operations (20 events):
Event: 60909.200 Executing non-safepoint VM operation: HandshakeAllThreads (HandshakeForDeflation)
Event: 60909.200 Executing non-safepoint VM operation: HandshakeAllThreads (HandshakeForDeflation) done
Event: 60909.200 Executing non-safepoint VM operation: RendezvousGCThreads
Event: 60909.200 Executing non-safepoint VM operation: RendezvousGCThreads done
Event: 60969.458 Executing non-safepoint VM operation: HandshakeAllThreads (HandshakeForDeflation)
Event: 60969.458 Executing non-safepoint VM operation: HandshakeAllThreads (HandshakeForDeflation) done
Event: 60969.458 Executing non-safepoint VM operation: RendezvousGCThreads
Event: 60969.458 Executing non-safepoint VM operation: RendezvousGCThreads done
Event: 61029.677 Executing non-safepoint VM operation: HandshakeAllThreads (HandshakeForDeflation)
Event: 61029.677 Executing non-safepoint VM operation: HandshakeAllThreads (HandshakeForDeflation) done
Event: 61029.677 Executing non-safepoint VM operation: RendezvousGCThreads
Event: 61029.677 Executing non-safepoint VM operation: RendezvousGCThreads done
Event: 61283.588 Executing non-safepoint VM operation: HandshakeAllThreads (HandshakeForDeflation)
Event: 61283.589 Executing non-safepoint VM operation: HandshakeAllThreads (HandshakeForDeflation) done
Event: 61283.589 Executing non-safepoint VM operation: RendezvousGCThreads
Event: 61283.589 Executing non-safepoint VM operation: RendezvousGCThreads done
Event: 61644.492 Executing non-safepoint VM operation: HandshakeAllThreads (HandshakeForDeflation)
Event: 61644.492 Executing non-safepoint VM operation: HandshakeAllThreads (HandshakeForDeflation) done
Event: 61644.492 Executing non-safepoint VM operation: RendezvousGCThreads
Event: 61644.492 Executing non-safepoint VM operation: RendezvousGCThreads done

Memory protections (0 events):
No events

Nmethod flushes (20 events):
Event: 45.960 Thread 0x000001d9c47048b0 flushing  nmethod 0x000001d9b14c7490
Event: 45.960 Thread 0x000001d9c47048b0 flushing  nmethod 0x000001d9b14c8690
Event: 45.960 Thread 0x000001d9c47048b0 flushing  nmethod 0x000001d9b14c8e90
Event: 45.960 Thread 0x000001d9c47048b0 flushing  nmethod 0x000001d9b14c9610
Event: 45.960 Thread 0x000001d9c47048b0 flushing  nmethod 0x000001d9b14cab90
Event: 45.960 Thread 0x000001d9c47048b0 flushing  nmethod 0x000001d9b14cb490
Event: 45.960 Thread 0x000001d9c47048b0 flushing  nmethod 0x000001d9b14cd190
Event: 45.960 Thread 0x000001d9c47048b0 flushing  nmethod 0x000001d9b14cd590
Event: 45.960 Thread 0x000001d9c47048b0 flushing  nmethod 0x000001d9b14cda10
Event: 45.960 Thread 0x000001d9c47048b0 flushing  nmethod 0x000001d9b14cdf10
Event: 45.960 Thread 0x000001d9c47048b0 flushing  nmethod 0x000001d9b14ce890
Event: 45.960 Thread 0x000001d9c47048b0 flushing  nmethod 0x000001d9b14ced90
Event: 45.960 Thread 0x000001d9c47048b0 flushing  nmethod 0x000001d9b14d0290
Event: 45.960 Thread 0x000001d9c47048b0 flushing  nmethod 0x000001d9b14eaf90
Event: 45.960 Thread 0x000001d9c47048b0 flushing  nmethod 0x000001d9b150b810
Event: 45.960 Thread 0x000001d9c47048b0 flushing  nmethod 0x000001d9b150e990
Event: 45.960 Thread 0x000001d9c47048b0 flushing  nmethod 0x000001d9b1513d10
Event: 45.960 Thread 0x000001d9c47048b0 flushing  nmethod 0x000001d9b1557310
Event: 45.960 Thread 0x000001d9c47048b0 flushing  nmethod 0x000001d9b158ad90
Event: 45.960 Thread 0x000001d9c47048b0 flushing  nmethod 0x000001d9b15abd90

Events (20 events):
Event: 49.706 Thread 0x000001da0f5dfe10 Thread added: 0x000001da0f5dd020
Event: 49.707 Thread 0x000001da0f5dd020 Thread added: 0x000001da0f5dc990
Event: 54.853 Thread 0x000001da0d0f4ed0 Thread exited: 0x000001da0d0f4ed0
Event: 62.595 Thread 0x000001da06ad4a20 Thread added: 0x000001da0fbc24d0
Event: 62.597 Thread 0x000001da06ad4a20 Thread added: 0x000001da0c16c530
Event: 67.663 Thread 0x000001da0c16c530 Thread exited: 0x000001da0c16c530
Event: 72.666 Thread 0x000001da0fbc24d0 Thread exited: 0x000001da0fbc24d0
Event: 109.418 Thread 0x000001da06b09c20 Thread exited: 0x000001da06b09c20
Event: 109.418 Thread 0x000001da06b0afd0 Thread exited: 0x000001da06b0afd0
Event: 109.431 Thread 0x000001da06b08870 Thread exited: 0x000001da06b08870
Event: 109.584 Thread 0x000001da06b0a940 Thread exited: 0x000001da06b0a940
Event: 187.105 Thread 0x000001da0f5dd020 Thread exited: 0x000001da0f5dd020
Event: 247.115 Thread 0x000001da0f5dc990 Thread exited: 0x000001da0f5dc990
Event: 307.117 Thread 0x000001da0f5dfe10 Thread exited: 0x000001da0f5dfe10
Event: 367.117 Thread 0x000001da0f5df0f0 Thread exited: 0x000001da0f5df0f0
Event: 427.122 Thread 0x000001da0fb562b0 Thread exited: 0x000001da0fb562b0
Event: 487.127 Thread 0x000001da0fb55c20 Thread exited: 0x000001da0fb55c20
Event: 547.128 Thread 0x000001da0f5df780 Thread exited: 0x000001da0f5df780
Event: 50489.313 Thread 0x000001da0fb55590 Thread added: 0x000001da06b09c20
Event: 50554.972 Thread 0x000001da06b09c20 Thread exited: 0x000001da06b09c20


Dynamic libraries:
0x00007ff68ed80000 - 0x00007ff68ed8e000 	c:\Users\USER\.vscode\extensions\redhat.java-1.53.0-win32-x64\jre\21.0.10-win32-x86_64\bin\java.exe
0x00007ffc6b7a0000 - 0x00007ffc6ba08000 	C:\WINDOWS\SYSTEM32\ntdll.dll
0x00007ffc6ac10000 - 0x00007ffc6acd9000 	C:\WINDOWS\System32\KERNEL32.DLL
0x00007ffc68980000 - 0x00007ffc68d78000 	C:\WINDOWS\System32\KERNELBASE.dll
0x00007ffc69270000 - 0x00007ffc693bb000 	C:\WINDOWS\System32\ucrtbase.dll
0x00007ffc5f040000 - 0x00007ffc5f058000 	c:\Users\USER\.vscode\extensions\redhat.java-1.53.0-win32-x64\jre\21.0.10-win32-x86_64\bin\jli.dll
0x00007ffc57260000 - 0x00007ffc5727e000 	c:\Users\USER\.vscode\extensions\redhat.java-1.53.0-win32-x64\jre\21.0.10-win32-x86_64\bin\VCRUNTIME140.dll
0x00007ffc6a880000 - 0x00007ffc6aa47000 	C:\WINDOWS\System32\USER32.dll
0x00007ffc471e0000 - 0x00007ffc47474000 	C:\WINDOWS\WinSxS\amd64_microsoft.windows.common-controls_6595b64144ccf1df_6.0.26100.7019_none_3e06ffa0e335b8a8\COMCTL32.dll
0x00007ffc68d80000 - 0x00007ffc68da7000 	C:\WINDOWS\System32\win32u.dll
0x00007ffc6a650000 - 0x00007ffc6a67b000 	C:\WINDOWS\System32\GDI32.dll
0x00007ffc69540000 - 0x00007ffc695e9000 	C:\WINDOWS\System32\msvcrt.dll
0x00007ffc68db0000 - 0x00007ffc68edc000 	C:\WINDOWS\System32\gdi32full.dll
0x00007ffc69050000 - 0x00007ffc690f3000 	C:\WINDOWS\System32\msvcp_win.dll
0x00007ffc69e10000 - 0x00007ffc69e41000 	C:\WINDOWS\System32\IMM32.DLL
0x00007ffc62f50000 - 0x00007ffc62f5c000 	c:\Users\USER\.vscode\extensions\redhat.java-1.53.0-win32-x64\jre\21.0.10-win32-x86_64\bin\vcruntime140_1.dll
0x00007ffc440d0000 - 0x00007ffc4415d000 	c:\Users\USER\.vscode\extensions\redhat.java-1.53.0-win32-x64\jre\21.0.10-win32-x86_64\bin\msvcp140.dll
0x00007ffbec190000 - 0x00007ffbecf31000 	c:\Users\USER\.vscode\extensions\redhat.java-1.53.0-win32-x64\jre\21.0.10-win32-x86_64\bin\server\jvm.dll
0x00007ffc6b2a0000 - 0x00007ffc6b354000 	C:\WINDOWS\System32\ADVAPI32.dll
0x00007ffc6ab30000 - 0x00007ffc6abd6000 	C:\WINDOWS\System32\sechost.dll
0x00007ffc6a2e0000 - 0x00007ffc6a3f8000 	C:\WINDOWS\System32\RPCRT4.dll
0x00007ffc6b4f0000 - 0x00007ffc6b564000 	C:\WINDOWS\System32\WS2_32.dll
0x00007ffc68750000 - 0x00007ffc687ae000 	C:\WINDOWS\SYSTEM32\POWRPROF.dll
0x00007ffc52820000 - 0x00007ffc5282b000 	C:\WINDOWS\SYSTEM32\VERSION.dll
0x00007ffc65600000 - 0x00007ffc65635000 	C:\WINDOWS\SYSTEM32\WINMM.dll
0x00007ffc68730000 - 0x00007ffc68744000 	C:\WINDOWS\SYSTEM32\UMPDC.dll
0x00007ffc676b0000 - 0x00007ffc676cb000 	C:\WINDOWS\SYSTEM32\kernel.appcore.dll
0x00007ffc56790000 - 0x00007ffc5679a000 	c:\Users\USER\.vscode\extensions\redhat.java-1.53.0-win32-x64\jre\21.0.10-win32-x86_64\bin\jimage.dll
0x00007ffc66100000 - 0x00007ffc66342000 	C:\WINDOWS\SYSTEM32\DBGHELP.DLL
0x00007ffc6ad70000 - 0x00007ffc6b0fb000 	C:\WINDOWS\System32\combase.dll
0x00007ffc6aa50000 - 0x00007ffc6ab27000 	C:\WINDOWS\System32\OLEAUT32.dll
0x00007ffc502e0000 - 0x00007ffc5031c000 	C:\WINDOWS\SYSTEM32\dbgcore.DLL
0x00007ffc68fa0000 - 0x00007ffc69045000 	C:\WINDOWS\System32\bcryptPrimitives.dll
0x00007ffc56780000 - 0x00007ffc5678f000 	c:\Users\USER\.vscode\extensions\redhat.java-1.53.0-win32-x64\jre\21.0.10-win32-x86_64\bin\instrument.dll
0x00007ffc56410000 - 0x00007ffc56430000 	c:\Users\USER\.vscode\extensions\redhat.java-1.53.0-win32-x64\jre\21.0.10-win32-x86_64\bin\java.dll
0x00007ffc696b0000 - 0x00007ffc69dff000 	C:\WINDOWS\System32\SHELL32.dll
0x00007ffc69100000 - 0x00007ffc6926b000 	C:\WINDOWS\System32\wintypes.dll
0x00007ffc66530000 - 0x00007ffc66d8d000 	C:\WINDOWS\SYSTEM32\windows.storage.dll
0x00007ffc6a680000 - 0x00007ffc6a772000 	C:\WINDOWS\System32\SHCORE.dll
0x00007ffc6a810000 - 0x00007ffc6a877000 	C:\WINDOWS\System32\shlwapi.dll
0x00007ffc68810000 - 0x00007ffc68839000 	C:\WINDOWS\SYSTEM32\profapi.dll
0x00007ffc56240000 - 0x00007ffc56258000 	c:\Users\USER\.vscode\extensions\redhat.java-1.53.0-win32-x64\jre\21.0.10-win32-x86_64\bin\zip.dll
0x00007ffc564c0000 - 0x00007ffc564d0000 	C:\Users\USER\.vscode\extensions\redhat.java-1.53.0-win32-x64\jre\21.0.10-win32-x86_64\bin\net.dll
0x00007ffc5eaf0000 - 0x00007ffc5ec18000 	C:\WINDOWS\SYSTEM32\WINHTTP.dll
0x00007ffc67c20000 - 0x00007ffc67c8b000 	C:\WINDOWS\system32\mswsock.dll
0x00007ffc4f460000 - 0x00007ffc4f476000 	C:\Users\USER\.vscode\extensions\redhat.java-1.53.0-win32-x64\jre\21.0.10-win32-x86_64\bin\nio.dll
0x00007ffc56400000 - 0x00007ffc56410000 	c:\Users\USER\.vscode\extensions\redhat.java-1.53.0-win32-x64\jre\21.0.10-win32-x86_64\bin\verify.dll
0x00007ffc44030000 - 0x00007ffc44075000 	C:\Users\USER\AppData\Roaming\Code\User\globalStorage\redhat.java\1.53.0\config_win\org.eclipse.equinox.launcher\org.eclipse.equinox.launcher.win32.win32.x86_64_1.3.0.v20260203-2149\eclipse_11919.dll
0x00007ffc6b100000 - 0x00007ffc6b297000 	C:\WINDOWS\System32\ole32.dll
0x00007ffc67ef0000 - 0x00007ffc67f0b000 	C:\WINDOWS\SYSTEM32\CRYPTSP.dll
0x00007ffc67610000 - 0x00007ffc6764a000 	C:\WINDOWS\system32\rsaenh.dll
0x00007ffc67cd0000 - 0x00007ffc67cfb000 	C:\WINDOWS\SYSTEM32\USERENV.dll
0x00007ffc687e0000 - 0x00007ffc6880a000 	C:\WINDOWS\SYSTEM32\bcrypt.dll
0x00007ffc67ee0000 - 0x00007ffc67eec000 	C:\WINDOWS\SYSTEM32\CRYPTBASE.dll
0x00007ffc67210000 - 0x00007ffc67244000 	C:\WINDOWS\SYSTEM32\IPHLPAPI.DLL
0x00007ffc6ace0000 - 0x00007ffc6acea000 	C:\WINDOWS\System32\NSI.dll
0x00007ffc3e1a0000 - 0x00007ffc3e1e9000 	C:\Users\USER\AppData\Local\Temp\jna-2614219\jna8883560324610886950.dll
0x00007ffc6a780000 - 0x00007ffc6a788000 	C:\WINDOWS\System32\PSAPI.DLL
0x00007ffc61470000 - 0x00007ffc6148e000 	C:\WINDOWS\SYSTEM32\dhcpcsvc6.DLL
0x00007ffc61440000 - 0x00007ffc61463000 	C:\WINDOWS\SYSTEM32\dhcpcsvc.DLL

JVMTI agents:
c:\Users\USER\.vscode\extensions\redhat.java-1.53.0-win32-x64\lombok\lombok-1.18.39-4050.jar path:c:\Users\USER\.vscode\extensions\redhat.java-1.53.0-win32-x64\jre\21.0.10-win32-x86_64\bin\instrument.dll, loaded, initialized, instrumentlib options:none

dbghelp: loaded successfully - version: 4.0.5 - missing functions: none
symbol engine: initialized successfully - sym options: 0x614 - pdb path: .;c:\Users\USER\.vscode\extensions\redhat.java-1.53.0-win32-x64\jre\21.0.10-win32-x86_64\bin;C:\WINDOWS\SYSTEM32;C:\WINDOWS\WinSxS\amd64_microsoft.windows.common-controls_6595b64144ccf1df_6.0.26100.7019_none_3e06ffa0e335b8a8;c:\Users\USER\.vscode\extensions\redhat.java-1.53.0-win32-x64\jre\21.0.10-win32-x86_64\bin\server;C:\Users\USER\AppData\Roaming\Code\User\globalStorage\redhat.java\1.53.0\config_win\org.eclipse.equinox.launcher\org.eclipse.equinox.launcher.win32.win32.x86_64_1.3.0.v20260203-2149;C:\Users\USER\AppData\Local\Temp\jna-2614219

VM Arguments:
jvm_args: --add-modules=ALL-SYSTEM --add-opens=java.base/java.util=ALL-UNNAMED --add-opens=java.base/java.lang=ALL-UNNAMED --add-opens=java.base/sun.nio.fs=ALL-UNNAMED -Declipse.application=org.eclipse.jdt.ls.core.id1 -Dosgi.bundles.defaultStartLevel=4 -Declipse.product=org.eclipse.jdt.ls.core.product -Djava.import.generatesMetadataFilesAtProjectRoot=false -DDetectVMInstallationsJob.disabled=true -Dfile.encoding=utf8 -XX:+UseParallelGC -XX:GCTimeRatio=4 -XX:AdaptiveSizePolicyWeight=90 -Dsun.zip.disableMemoryMapping=true -Xmx2G -Xms100m -Xlog:disable -javaagent:c:\Users\USER\.vscode\extensions\redhat.java-1.53.0-win32-x64\lombok\lombok-1.18.39-4050.jar -XX:+HeapDumpOnOutOfMemoryError -XX:HeapDumpPath=c:\Users\USER\AppData\Roaming\Code\User\workspaceStorage\f1e8ba8ab645cac98e55fc0742803d12\redhat.java -Daether.dependencyCollector.impl=bf 
java_command: c:\Users\USER\.vscode\extensions\redhat.java-1.53.0-win32-x64\server\plugins\org.eclipse.equinox.launcher_1.7.100.v20251111-0406.jar -configuration c:\Users\USER\AppData\Roaming\Code\User\globalStorage\redhat.java\1.53.0\config_win -data c:\Users\USER\AppData\Roaming\Code\User\workspaceStorage\f1e8ba8ab645cac98e55fc0742803d12\redhat.java\jdt_ws --pipe=\\.\pipe\lsp-12086ac960185de58d6ecca4890fad42-sock
java_class_path (initial): c:\Users\USER\.vscode\extensions\redhat.java-1.53.0-win32-x64\server\plugins\org.eclipse.equinox.launcher_1.7.100.v20251111-0406.jar
Launcher Type: SUN_STANDARD

[Global flags]
    uintx AdaptiveSizePolicyWeight                 = 90                                        {product} {command line}
     intx CICompilerCount                          = 4                                         {product} {ergonomic}
    uintx GCTimeRatio                              = 4                                         {product} {command line}
     bool HeapDumpOnOutOfMemoryError               = true                                   {manageable} {command line}
    ccstr HeapDumpPath                             = c:\Users\USER\AppData\Roaming\Code\User\workspaceStorage\f1e8ba8ab645cac98e55fc0742803d12\redhat.java         {manageable} {command line}
   size_t InitialHeapSize                          = 104857600                                 {product} {command line}
   size_t MaxHeapSize                              = 2147483648                                {product} {command line}
   size_t MaxNewSize                               = 715653120                                 {product} {ergonomic}
   size_t MinHeapDeltaBytes                        = 524288                                    {product} {ergonomic}
   size_t MinHeapSize                              = 104857600                                 {product} {command line}
   size_t NewSize                                  = 34603008                                  {product} {ergonomic}
    uintx NonNMethodCodeHeapSize                   = 5839372                                {pd product} {ergonomic}
    uintx NonProfiledCodeHeapSize                  = 122909434                              {pd product} {ergonomic}
   size_t OldSize                                  = 70254592                                  {product} {ergonomic}
    uintx ProfiledCodeHeapSize                     = 122909434                              {pd product} {ergonomic}
    uintx ReservedCodeCacheSize                    = 251658240                              {pd product} {ergonomic}
     bool SegmentedCodeCache                       = true                                      {product} {ergonomic}
   size_t SoftMaxHeapSize                          = 2147483648                             {manageable} {ergonomic}
     bool UseCompressedOops                        = true                           {product lp64_product} {ergonomic}
     bool UseLargePagesIndividualAllocation        = false                                  {pd product} {ergonomic}
     bool UseParallelGC                            = true                                      {product} {command line}

Logging:
Log output configuration:
 #0: stdout all=off uptime,level,tags foldmultilines=false
 #1: stderr all=off uptime,level,tags foldmultilines=false

Release file:
JAVA_VERSION="21.0.10" 
MODULES="java.base java.compiler java.datatransfer java.xml java.prefs java.desktop java.instrument java.logging java.management java.security.sasl java.naming java.rmi java.management.rmi java.net.http java.scripting java.security.jgss java.transaction.xa java.sql java.sql.rowset java.xml.crypto java.se java.smartcardio jdk.accessibility jdk.internal.jvmstat jdk.attach jdk.charsets jdk.internal.opt jdk.zipfs jdk.compiler jdk.crypto.ec jdk.crypto.cryptoki jdk.crypto.mscapi jdk.dynalink jdk.internal.ed jdk.editpad jdk.hotspot.agent jdk.httpserver jdk.internal.le jdk.internal.vm.ci jdk.internal.vm.compiler jdk.internal.vm.compiler.management jdk.jartool jdk.javadoc jdk.jcmd jdk.management jdk.management.agent jdk.jconsole jdk.jdeps jdk.jdwp.agent jdk.jdi jdk.jfr jdk.jshell jdk.jsobject jdk.jstatd jdk.localedata jdk.management.jfr jdk.naming.dns jdk.naming.rmi jdk.net jdk.nio.mapmode jdk.random jdk.sctp jdk.security.auth jdk.security.jgss jdk.unsupported jdk.unsupported.desktop jdk.xml.dom" 

Environment Variables:
JAVA_HOME=C:\Program Files\Java\jdk-20
PATH=C:\Program Files\Common Files\Oracle\Java\javapath;C:\ProgramData\Oracle\Java\javapath;C:\WINDOWS\system32;C:\WINDOWS;C:\WINDOWS\System32\Wbem;C:\WINDOWS\System32\WindowsPowerShell\v1.0\;C:\WINDOWS\System32\OpenSSH\;C:\xampp\php;C:\ProgramData\ComposerSetup\bin;C:\Program Files\Java\jdk-20\bin;C:\Program Files\Git\cmd;C:\Program Files\PuTTY\;C:\Program Files\MySQL\MySQL Server 8.0\bin;C:\Program Files\JetBrains\IntelliJ IDEA 2025.2.4\bin;C:\Program Files\dotnet\;C:\Program Files\nodejs\;C:\Program Files\Java\jdk-20\bin;C:\Users\USER\AppData\Local\Programs\Python\Launcher\;C:\Program Files\MySQL\MySQL Shell 8.0\bin\;C:\Users\USER\AppData\Local\Microsoft\WindowsApps;C:\Users\USER\AppData\Local\Programs\Microsoft VS Code\bin;C:\Users\USER\AppData\Roaming\Composer\vendor\bin;C:\Program Files\JetBrains\IntelliJ IDEA 2025.2.4\bin;C:\Users\USER\AppData\Local\Programs\Antigravity\bin;C:\Users\USER\AppData\Roaming\npm
USERNAME=USER
OS=Windows_NT
PROCESSOR_IDENTIFIER=Intel64 Family 6 Model 154 Stepping 4, GenuineIntel
TMP=C:\Users\USER\AppData\Local\Temp
TEMP=C:\Users\USER\AppData\Local\Temp




Periodic native trim disabled

---------------  S Y S T E M  ---------------

OS:
 Windows 11 , 64 bit Build 26100 (10.0.26100.7019)
OS uptime: 28 days 19:57 hours

CPU: total 12 (initial active 12) (12 cores per cpu, 1 threads per core) family 6 model 154 stepping 4 microcode 0x437, cx8, cmov, fxsr, mmx, 3dnowpref, sse, sse2, sse3, ssse3, sse4.1, sse4.2, popcnt, lzcnt, tsc, tscinvbit, avx, avx2, aes, erms, clmul, bmi1, bmi2, adx, sha, fma, vzeroupper, clflush, clflushopt, clwb, serialize, rdtscp, rdpid, fsrm, f16c, pku, cet_ibt, cet_ss
Processor Information for the first 12 processors :
  Max Mhz: 1300, Current Mhz: 1300, Mhz Limit: 1300

Memory: 4k page, system-wide physical 20164M (2005M free)
TotalPageFile size 36764M (AvailPageFile size 83M)
current process WorkingSet (physical memory assigned to process): 17M, peak: 231M
current process commit charge ("private bytes"): 312M, peak: 355M

vm_info: OpenJDK 64-Bit Server VM (21.0.10+7-LTS) for windows-amd64 JRE (21.0.10+7-LTS), built on 2026-01-20T00:00:00Z by "admin" with MS VC++ 17.12 (VS2022)

END.
